<?xml version="1.0" encoding="UTF-8"?>
<testsuites name="jest tests" tests="4" failures="1" errors="0" time="0.947">
  <testsuite name="Server Tests" errors="0" failures="1" skipped="0" timestamp="2024-01-12T00:32:37" time="0.916" tests="4">
    <testcase classname="Server Tests should return 200 for the home route" name="Server Tests should return 200 for the home route" time="0.007">
    </testcase>
    <testcase classname="Server Tests should connect to MongoDB" name="Server Tests should connect to MongoDB" time="0">
    </testcase>
    <testcase classname="Server Tests logs a successful connection to MongoDB" name="Server Tests logs a successful connection to MongoDB" time="0.001">
      <failure>Error: expect(jest.fn()).toHaveBeenCalled()

Expected number of calls: &gt;= 1
Received number of calls:    0
    at Object.toHaveBeenCalled (/Users/brosmar18/SoftwareDev/DeltaV/code-401/labs/spotsLLC/spots-backend/__tests__/server.test.js:62:33)
    at processTicksAndRejections (node:internal/process/task_queues:95:5)</failure>
    </testcase>
    <testcase classname="Server Tests logs an error if MongoDB connection fails" name="Server Tests logs an error if MongoDB connection fails" time="0.001">
    </testcase>
  </testsuite>
</testsuites>