<?xml version="1.0" encoding="UTF-8"?>
<testsuites name="jest tests" tests="1" failures="0" errors="0" time="0.567">
  <testsuite name="404 notFound Handler Tests" errors="0" failures="0" skipped="0" timestamp="2024-01-06T16:46:53" time="0.537" tests="1">
    <testcase classname="404 notFound Handler Tests should return 404 for non-existent route" name="404 notFound Handler Tests should return 404 for non-existent route" time="0.015">
    </testcase>
  </testsuite>
</testsuites>