<?xml version="1.0" encoding="UTF-8"?>
<testsuites name="jest tests" tests="5" failures="0" errors="0" time="0.674">
  <testsuite name="Restaurant Routes" errors="0" failures="0" skipped="0" timestamp="2024-01-08T03:17:51" time="0.65" tests="5">
    <testcase classname="Restaurant Routes should create a new restaurant" name="Restaurant Routes should create a new restaurant" time="0.023">
    </testcase>
    <testcase classname="Restaurant Routes should fetch all restaurants" name="Restaurant Routes should fetch all restaurants" time="0.006">
    </testcase>
    <testcase classname="Restaurant Routes should fetch a specific restaurant by ID" name="Restaurant Routes should fetch a specific restaurant by ID" time="0.006">
    </testcase>
    <testcase classname="Restaurant Routes should update a specific restaurant by ID" name="Restaurant Routes should update a specific restaurant by ID" time="0.007">
    </testcase>
    <testcase classname="Restaurant Routes should delete a specific restaurant by ID" name="Restaurant Routes should delete a specific restaurant by ID" time="0.008">
    </testcase>
  </testsuite>
</testsuites>