<?xml version="1.0" encoding="UTF-8"?>
<testsuites name="jest tests" tests="4" failures="0" errors="0" time="0.6">
  <testsuite name="Server Tests" errors="0" failures="0" skipped="0" timestamp="2024-01-12T01:15:14" time="0.576" tests="4">
    <testcase classname="Server Tests GET / responds with 200 and Hello World!" name="Server Tests GET / responds with 200 and Hello World!" time="0.008">
    </testcase>
    <testcase classname="Server Tests GET /error responds with 500" name="Server Tests GET /error responds with 500" time="0.006">
    </testcase>
    <testcase classname="Server Tests logs a successful connection to MongoDB" name="Server Tests logs a successful connection to MongoDB" time="0.001">
    </testcase>
    <testcase classname="Server Tests logs the server running port" name="Server Tests logs the server running port" time="0">
    </testcase>
  </testsuite>
</testsuites>